# JRE version: Java(TM) SE Runtime Environment (19.0+36) (build 19+36-2238)
# Java VM: Java HotSpot(TM) 64-Bit Server VM (19+36-2238, mixed mode, emulated-client, sharing, tiered, compressed oops, compressed class ptrs, g1 gc, windows-amd64)
GC Precious Log:
 CardTable entry size: 512
 Card Set container configuration: InlinePtr #cards 5 size 8 Array Of Cards #cards 12 size 40 Howl #buckets 4 coarsen threshold 1843 Howl Bitmap #cards 512 size 80 coarsen threshold 460 Card regions per heap region 1 cards per card region 2048
 CPUs: 16 total, 16 available
 Memory: 8140M
 Large Page Support: Disabled
 NUMA Support: Disabled
 Compressed Oops: Enabled (32-bit)
 Heap Region Size: 1M
 Heap Min Capacity: 8M
 Heap Initial Capacity: 128M
 Heap Max Capacity: 2036M
 Pre-touch: Disabled
 Parallel Workers: 13
 Concurrent Workers: 3
 Concurrent Refinement Workers: 13
 Periodic GC: Disabled
Heap:
 garbage-first heap   total 68608K, used 25889K [0x0000000080c00000, 0x0000000100000000)
  region size 1024K, 3 young (3072K), 3 survivors (3072K)
 Metaspace       used 51931K, committed 52416K, reserved 1114112K
  class space    used 7199K, committed 7424K, reserved 1048576K
GC Heap History (20 events):
Event: 0.919 GC heap after
{Heap after GC invocations=2 (full 0):
 garbage-first heap   total 131072K, used 9756K [0x0000000080c00000, 0x0000000100000000)
  region size 1024K, 2 young (2048K), 2 survivors (2048K)
 Metaspace       used 14187K, committed 14464K, reserved 1114112K
  class space    used 1783K, committed 1920K, reserved 1048576K
}
Event: 1.386 GC heap before
{Heap before GC invocations=2 (full 0):
 garbage-first heap   total 131072K, used 55836K [0x0000000080c00000, 0x0000000100000000)
  region size 1024K, 49 young (50176K), 2 survivors (2048K)
 Metaspace       used 21127K, committed 21504K, reserved 1114112K
  class space    used 2739K, committed 2944K, reserved 1048576K
}
Event: 1.392 GC heap after
{Heap after GC invocations=3 (full 0):
 garbage-first heap   total 131072K, used 13342K [0x0000000080c00000, 0x0000000100000000)
  region size 1024K, 6 young (6144K), 6 survivors (6144K)
 Metaspace       used 21127K, committed 21504K, reserved 1114112K
  class space    used 2739K, committed 2944K, reserved 1048576K
}
Event: 1.733 GC heap before
{Heap before GC invocations=4 (full 0):
 garbage-first heap   total 51200K, used 37918K [0x0000000080c00000, 0x0000000100000000)
  region size 1024K, 30 young (30720K), 6 survivors (6144K)
 Metaspace       used 24859K, committed 25216K, reserved 1114112K
  class space    used 3318K, committed 3456K, reserved 1048576K
}
Event: 1.743 GC heap after
{Heap after GC invocations=5 (full 0):
 garbage-first heap   total 51200K, used 15382K [0x0000000080c00000, 0x0000000100000000)
  region size 1024K, 3 young (3072K), 3 survivors (3072K)
 Metaspace       used 24859K, committed 25216K, reserved 1114112K
  class space    used 3318K, committed 3456K, reserved 1048576K
}
Event: 1.750 GC heap before
{Heap before GC invocations=5 (full 0):
 garbage-first heap   total 51200K, used 16406K [0x0000000080c00000, 0x0000000100000000)
  region size 1024K, 4 young (4096K), 3 survivors (3072K)
 Metaspace       used 24964K, committed 25344K, reserved 1114112K
  class space    used 3335K, committed 3520K, reserved 1048576K
}
Event: 1.755 GC heap after
{Heap after GC invocations=6 (full 0):
 garbage-first heap   total 51200K, used 15663K [0x0000000080c00000, 0x0000000100000000)
  region size 1024K, 1 young (1024K), 1 survivors (1024K)
 Metaspace       used 24964K, committed 25344K, reserved 1114112K
  class space    used 3335K, committed 3520K, reserved 1048576K
}
Event: 1.999 GC heap before
{Heap before GC invocations=6 (full 0):
 garbage-first heap   total 51200K, used 35119K [0x0000000080c00000, 0x0000000100000000)
  region size 1024K, 20 young (20480K), 1 survivors (1024K)
 Metaspace       used 27839K, committed 28288K, reserved 1114112K
  class space    used 3703K, committed 3904K, reserved 1048576K
}
Event: 2.002 GC heap after
{Heap after GC invocations=7 (full 0):
 garbage-first heap   total 102400K, used 17007K [0x0000000080c00000, 0x0000000100000000)
  region size 1024K, 2 young (2048K), 2 survivors (2048K)
 Metaspace       used 27839K, committed 28288K, reserved 1114112K
  class space    used 3703K, committed 3904K, reserved 1048576K
}
Event: 2.559 GC heap before
{Heap before GC invocations=7 (full 0):
 garbage-first heap   total 102400K, used 51823K [0x0000000080c00000, 0x0000000100000000)
  region size 1024K, 38 young (38912K), 2 survivors (2048K)
 Metaspace       used 35598K, committed 35968K, reserved 1114112K
  class space    used 4881K, committed 5056K, reserved 1048576K
}
Event: 2.565 GC heap after
{Heap after GC invocations=8 (full 0):
 garbage-first heap   total 102400K, used 19191K [0x0000000080c00000, 0x0000000100000000)
  region size 1024K, 4 young (4096K), 4 survivors (4096K)
 Metaspace       used 35598K, committed 35968K, reserved 1114112K
  class space    used 4881K, committed 5056K, reserved 1048576K
}
Event: 3.102 GC heap before
{Heap before GC invocations=9 (full 0):
 garbage-first heap   total 68608K, used 56055K [0x0000000080c00000, 0x0000000100000000)
  region size 1024K, 40 young (40960K), 4 survivors (4096K)
 Metaspace       used 44019K, committed 44480K, reserved 1114112K
  class space    used 6103K, committed 6336K, reserved 1048576K
}
Event: 3.109 GC heap after
{Heap after GC invocations=10 (full 0):
 garbage-first heap   total 68608K, used 21003K [0x0000000080c00000, 0x0000000100000000)
  region size 1024K, 4 young (4096K), 4 survivors (4096K)
 Metaspace       used 44019K, committed 44480K, reserved 1114112K
  class space    used 6103K, committed 6336K, reserved 1048576K
}
Event: 3.123 GC heap before
{Heap before GC invocations=10 (full 0):
 garbage-first heap   total 68608K, used 22027K [0x0000000080c00000, 0x0000000100000000)
  region size 1024K, 5 young (5120K), 4 survivors (4096K)
 Metaspace       used 44259K, committed 44736K, reserved 1114112K
  class space    used 6145K, committed 6400K, reserved 1048576K
}
Event: 3.129 GC heap after
{Heap after GC invocations=11 (full 0):
 garbage-first heap   total 68608K, used 21872K [0x0000000080c00000, 0x0000000100000000)
  region size 1024K, 1 young (1024K), 1 survivors (1024K)
 Metaspace       used 44259K, committed 44736K, reserved 1114112K
  class space    used 6145K, committed 6400K, reserved 1048576K
}
Event: 3.498 GC heap before
{Heap before GC invocations=11 (full 0):
 garbage-first heap   total 68608K, used 51568K [0x0000000080c00000, 0x0000000100000000)
  region size 1024K, 30 young (30720K), 1 survivors (1024K)
 Metaspace       used 48854K, committed 49344K, reserved 1114112K
  class space    used 6762K, committed 6976K, reserved 1048576K
}
Event: 3.501 GC heap after
{Heap after GC invocations=12 (full 0):
 garbage-first heap   total 68608K, used 23014K [0x0000000080c00000, 0x0000000100000000)
  region size 1024K, 2 young (2048K), 2 survivors (2048K)
 Metaspace       used 48854K, committed 49344K, reserved 1114112K
  class space    used 6762K, committed 6976K, reserved 1048576K
}
Event: 3.710 GC heap before
{Heap before GC invocations=12 (full 0):
 garbage-first heap   total 68608K, used 52710K [0x0000000080c00000, 0x0000000100000000)
  region size 1024K, 31 young (31744K), 2 survivors (2048K)
 Metaspace       used 49856K, committed 50304K, reserved 1114112K
  class space    used 6896K, committed 7104K, reserved 1048576K
}
Event: 3.713 GC heap after
{Heap after GC invocations=13 (full 0):
 garbage-first heap   total 68608K, used 24357K [0x0000000080c00000, 0x0000000100000000)
  region size 1024K, 4 young (4096K), 4 survivors (4096K)
 Metaspace       used 49856K, committed 50304K, reserved 1114112K
  class space    used 6896K, committed 7104K, reserved 1048576K
}
Event: 4.086 GC heap before
{Heap before GC invocations=13 (full 0):
 garbage-first heap   total 68608K, used 53029K [0x0000000080c00000, 0x0000000100000000)
  region size 1024K, 32 young (32768K), 4 survivors (4096K)
 Metaspace       used 51931K, committed 52416K, reserved 1114112K
  class space    used 7199K, committed 7424K, reserved 1048576K
}

