# JRE version: Java(TM) SE Runtime Environment (19.0+36) (build 19+36-2238)
# Java VM: Java HotSpot(TM) 64-Bit Server VM (19+36-2238, mixed mode, sharing, tiered, compressed oops, compressed class ptrs, g1 gc, windows-amd64)
GC Precious Log:
 CardTable entry size: 512
 Card Set container configuration: InlinePtr #cards 5 size 8 Array Of Cards #cards 12 size 40 Howl #buckets 4 coarsen threshold 1843 Howl Bitmap #cards 512 size 80 coarsen threshold 460 Card regions per heap region 1 cards per card region 2048
 CPUs: 16 total, 16 available
 Memory: 8140M
 Large Page Support: Disabled
 NUMA Support: Disabled
 Compressed Oops: Enabled (32-bit)
 Heap Region Size: 1M
 Heap Min Capacity: 8M
 Heap Initial Capacity: 128M
 Heap Max Capacity: 2036M
 Pre-touch: Disabled
 Parallel Workers: 13
 Concurrent Workers: 3
 Concurrent Refinement Workers: 13
 Periodic GC: Disabled
Heap:
 garbage-first heap   total 124928K, used 45454K [0x0000000080c00000, 0x0000000100000000)
  region size 1024K, 22 young (22528K), 6 survivors (6144K)
 Metaspace       used 58141K, committed 58560K, reserved 1114112K
  class space    used 7597K, committed 7808K, reserved 1048576K
GC Heap History (20 events):
Event: 1.536 GC heap before
{Heap before GC invocations=2 (full 0):
 garbage-first heap   total 131072K, used 56034K [0x0000000080c00000, 0x0000000100000000)
  region size 1024K, 50 young (51200K), 4 survivors (4096K)
 Metaspace       used 21271K, committed 21504K, reserved 1114112K
  class space    used 2604K, committed 2752K, reserved 1048576K
}
Event: 1.542 GC heap after
{Heap after GC invocations=3 (full 0):
 garbage-first heap   total 131072K, used 13468K [0x0000000080c00000, 0x0000000100000000)
  region size 1024K, 6 young (6144K), 6 survivors (6144K)
 Metaspace       used 21271K, committed 21504K, reserved 1114112K
  class space    used 2604K, committed 2752K, reserved 1048576K
}
Event: 1.952 GC heap before
{Heap before GC invocations=4 (full 0):
 garbage-first heap   total 51200K, used 38044K [0x0000000080c00000, 0x0000000100000000)
  region size 1024K, 30 young (30720K), 6 survivors (6144K)
 Metaspace       used 25042K, committed 25344K, reserved 1114112K
  class space    used 3105K, committed 3200K, reserved 1048576K
}
Event: 1.963 GC heap after
{Heap after GC invocations=5 (full 0):
 garbage-first heap   total 51200K, used 15228K [0x0000000080c00000, 0x0000000100000000)
  region size 1024K, 2 young (2048K), 2 survivors (2048K)
 Metaspace       used 25042K, committed 25344K, reserved 1114112K
  class space    used 3105K, committed 3200K, reserved 1048576K
}
Event: 1.985 GC heap before
{Heap before GC invocations=5 (full 0):
 garbage-first heap   total 51200K, used 16252K [0x0000000080c00000, 0x0000000100000000)
  region size 1024K, 3 young (3072K), 2 survivors (2048K)
 Metaspace       used 25539K, committed 25856K, reserved 1114112K
  class space    used 3164K, committed 3328K, reserved 1048576K
}
Event: 1.990 GC heap after
{Heap after GC invocations=6 (full 0):
 garbage-first heap   total 51200K, used 15649K [0x0000000080c00000, 0x0000000100000000)
  region size 1024K, 1 young (1024K), 1 survivors (1024K)
 Metaspace       used 25539K, committed 25856K, reserved 1114112K
  class space    used 3164K, committed 3328K, reserved 1048576K
}
Event: 2.316 GC heap before
{Heap before GC invocations=6 (full 0):
 garbage-first heap   total 51200K, used 34081K [0x0000000080c00000, 0x0000000100000000)
  region size 1024K, 20 young (20480K), 1 survivors (1024K)
 Metaspace       used 27947K, committed 28224K, reserved 1114112K
  class space    used 3531K, committed 3648K, reserved 1048576K
}
Event: 2.321 GC heap after
{Heap after GC invocations=7 (full 0):
 garbage-first heap   total 82944K, used 17685K [0x0000000080c00000, 0x0000000100000000)
  region size 1024K, 3 young (3072K), 3 survivors (3072K)
 Metaspace       used 27947K, committed 28224K, reserved 1114112K
  class space    used 3531K, committed 3648K, reserved 1048576K
}
Event: 2.956 GC heap before
{Heap before GC invocations=7 (full 0):
 garbage-first heap   total 82944K, used 57621K [0x0000000080c00000, 0x0000000100000000)
  region size 1024K, 42 young (43008K), 3 survivors (3072K)
 Metaspace       used 32492K, committed 32832K, reserved 1114112K
  class space    used 4044K, committed 4224K, reserved 1048576K
}
Event: 2.964 GC heap after
{Heap after GC invocations=8 (full 0):
 garbage-first heap   total 82944K, used 21087K [0x0000000080c00000, 0x0000000100000000)
  region size 1024K, 6 young (6144K), 6 survivors (6144K)
 Metaspace       used 32492K, committed 32832K, reserved 1114112K
  class space    used 4044K, committed 4224K, reserved 1048576K
}
Event: 3.201 GC heap before
{Heap before GC invocations=8 (full 0):
 garbage-first heap   total 82944K, used 34399K [0x0000000080c00000, 0x0000000100000000)
  region size 1024K, 20 young (20480K), 6 survivors (6144K)
 Metaspace       used 35587K, committed 35968K, reserved 1114112K
  class space    used 4493K, committed 4672K, reserved 1048576K
}
Event: 3.210 GC heap after
{Heap after GC invocations=9 (full 0):
 garbage-first heap   total 82944K, used 22030K [0x0000000080c00000, 0x0000000100000000)
  region size 1024K, 1 young (1024K), 1 survivors (1024K)
 Metaspace       used 35587K, committed 35968K, reserved 1114112K
  class space    used 4493K, committed 4672K, reserved 1048576K
}
Event: 3.961 GC heap before
{Heap before GC invocations=10 (full 0):
 garbage-first heap   total 78848K, used 61966K [0x0000000080c00000, 0x0000000100000000)
  region size 1024K, 40 young (40960K), 1 survivors (1024K)
 Metaspace       used 47006K, committed 47424K, reserved 1114112K
  class space    used 6170K, committed 6336K, reserved 1048576K
}
Event: 3.966 GC heap after
{Heap after GC invocations=11 (full 0):
 garbage-first heap   total 78848K, used 24508K [0x0000000080c00000, 0x0000000100000000)
  region size 1024K, 4 young (4096K), 4 survivors (4096K)
 Metaspace       used 47006K, committed 47424K, reserved 1114112K
  class space    used 6170K, committed 6336K, reserved 1048576K
}
Event: 3.986 GC heap before
{Heap before GC invocations=11 (full 0):
 garbage-first heap   total 78848K, used 25532K [0x0000000080c00000, 0x0000000100000000)
  region size 1024K, 5 young (5120K), 4 survivors (4096K)
 Metaspace       used 47220K, committed 47680K, reserved 1114112K
  class space    used 6206K, committed 6400K, reserved 1048576K
}
Event: 3.990 GC heap after
{Heap after GC invocations=12 (full 0):
 garbage-first heap   total 78848K, used 24869K [0x0000000080c00000, 0x0000000100000000)
  region size 1024K, 1 young (1024K), 1 survivors (1024K)
 Metaspace       used 47220K, committed 47680K, reserved 1114112K
  class space    used 6206K, committed 6400K, reserved 1048576K
}
Event: 4.475 GC heap before
{Heap before GC invocations=12 (full 0):
 garbage-first heap   total 78848K, used 58661K [0x0000000080c00000, 0x0000000100000000)
  region size 1024K, 35 young (35840K), 1 survivors (1024K)
 Metaspace       used 52221K, committed 52672K, reserved 1114112K
  class space    used 6862K, committed 7040K, reserved 1048576K
}
Event: 4.480 GC heap after
{Heap after GC invocations=13 (full 0):
 garbage-first heap   total 124928K, used 26309K [0x0000000080c00000, 0x0000000100000000)
  region size 1024K, 2 young (2048K), 2 survivors (2048K)
 Metaspace       used 52221K, committed 52672K, reserved 1114112K
  class space    used 6862K, committed 7040K, reserved 1048576K
}
Event: 5.259 GC heap before
{Heap before GC invocations=13 (full 0):
 garbage-first heap   total 124928K, used 93893K [0x0000000080c00000, 0x0000000100000000)
  region size 1024K, 68 young (69632K), 2 survivors (2048K)
 Metaspace       used 57245K, committed 57728K, reserved 1114112K
  class space    used 7473K, committed 7680K, reserved 1048576K
}
Event: 5.263 GC heap after
{Heap after GC invocations=14 (full 0):
 garbage-first heap   total 124928K, used 30094K [0x0000000080c00000, 0x0000000100000000)
  region size 1024K, 6 young (6144K), 6 survivors (6144K)
 Metaspace       used 57245K, committed 57728K, reserved 1114112K
  class space    used 7473K, committed 7680K, reserved 1048576K
}

