# JRE version: Java(TM) SE Runtime Environment (19.0+36) (build 19+36-2238)
# Java VM: Java HotSpot(TM) 64-Bit Server VM (19+36-2238, mixed mode, sharing, tiered, compressed oops, compressed class ptrs, g1 gc, windows-amd64)
GC Precious Log:
 CardTable entry size: 512
 Card Set container configuration: InlinePtr #cards 5 size 8 Array Of Cards #cards 12 size 40 Howl #buckets 4 coarsen threshold 1843 Howl Bitmap #cards 512 size 80 coarsen threshold 460 Card regions per heap region 1 cards per card region 2048
 CPUs: 16 total, 16 available
 Memory: 8140M
 Large Page Support: Disabled
 NUMA Support: Disabled
 Compressed Oops: Enabled (32-bit)
 Heap Region Size: 1M
 Heap Min Capacity: 8M
 Heap Initial Capacity: 128M
 Heap Max Capacity: 2036M
 Pre-touch: Disabled
 Parallel Workers: 13
 Concurrent Workers: 3
 Concurrent Refinement Workers: 13
 Periodic GC: Disabled
Heap:
 garbage-first heap   total 131072K, used 30935K [0x0000000080c00000, 0x0000000100000000)
  region size 1024K, 5 young (5120K), 5 survivors (5120K)
 Metaspace       used 57750K, committed 58240K, reserved 1114112K
  class space    used 7544K, committed 7744K, reserved 1048576K
GC Heap History (20 events):
Event: 1.709 GC heap after
{Heap after GC invocations=3 (full 0):
 garbage-first heap   total 131072K, used 14098K [0x0000000080c00000, 0x0000000100000000)
  region size 1024K, 6 young (6144K), 6 survivors (6144K)
 Metaspace       used 21271K, committed 21504K, reserved 1114112K
  class space    used 2604K, committed 2752K, reserved 1048576K
}
Event: 2.111 GC heap before
{Heap before GC invocations=4 (full 0):
 garbage-first heap   total 51200K, used 38674K [0x0000000080c00000, 0x0000000100000000)
  region size 1024K, 30 young (30720K), 6 survivors (6144K)
 Metaspace       used 24969K, committed 25216K, reserved 1114112K
  class space    used 3097K, committed 3200K, reserved 1048576K
}
Event: 2.121 GC heap after
{Heap after GC invocations=5 (full 0):
 garbage-first heap   total 51200K, used 15666K [0x0000000080c00000, 0x0000000100000000)
  region size 1024K, 2 young (2048K), 2 survivors (2048K)
 Metaspace       used 24969K, committed 25216K, reserved 1114112K
  class space    used 3097K, committed 3200K, reserved 1048576K
}
Event: 2.133 GC heap before
{Heap before GC invocations=5 (full 0):
 garbage-first heap   total 51200K, used 16690K [0x0000000080c00000, 0x0000000100000000)
  region size 1024K, 3 young (3072K), 2 survivors (2048K)
 Metaspace       used 25063K, committed 25344K, reserved 1114112K
  class space    used 3107K, committed 3200K, reserved 1048576K
}
Event: 2.136 GC heap after
{Heap after GC invocations=6 (full 0):
 garbage-first heap   total 51200K, used 15873K [0x0000000080c00000, 0x0000000100000000)
  region size 1024K, 1 young (1024K), 1 survivors (1024K)
 Metaspace       used 25063K, committed 25344K, reserved 1114112K
  class space    used 3107K, committed 3200K, reserved 1048576K
}
Event: 2.430 GC heap before
{Heap before GC invocations=6 (full 0):
 garbage-first heap   total 51200K, used 34305K [0x0000000080c00000, 0x0000000100000000)
  region size 1024K, 20 young (20480K), 1 survivors (1024K)
 Metaspace       used 27900K, committed 28224K, reserved 1114112K
  class space    used 3528K, committed 3648K, reserved 1048576K
}
Event: 2.434 GC heap after
{Heap after GC invocations=7 (full 0):
 garbage-first heap   total 51200K, used 17969K [0x0000000080c00000, 0x0000000100000000)
  region size 1024K, 3 young (3072K), 3 survivors (3072K)
 Metaspace       used 27900K, committed 28224K, reserved 1114112K
  class space    used 3528K, committed 3648K, reserved 1048576K
}
Event: 2.730 GC heap before
{Heap before GC invocations=7 (full 0):
 garbage-first heap   total 51200K, used 35377K [0x0000000080c00000, 0x0000000100000000)
  region size 1024K, 21 young (21504K), 3 survivors (3072K)
 Metaspace       used 31016K, committed 31360K, reserved 1114112K
  class space    used 3855K, committed 4032K, reserved 1048576K
}
Event: 2.736 GC heap after
{Heap after GC invocations=8 (full 0):
 garbage-first heap   total 84992K, used 19747K [0x0000000080c00000, 0x0000000100000000)
  region size 1024K, 2 young (2048K), 2 survivors (2048K)
 Metaspace       used 31016K, committed 31360K, reserved 1114112K
  class space    used 3855K, committed 4032K, reserved 1048576K
}
Event: 3.292 GC heap before
{Heap before GC invocations=8 (full 0):
 garbage-first heap   total 84992K, used 54563K [0x0000000080c00000, 0x0000000100000000)
  region size 1024K, 37 young (37888K), 2 survivors (2048K)
 Metaspace       used 35589K, committed 35968K, reserved 1114112K
  class space    used 4493K, committed 4672K, reserved 1048576K
}
Event: 3.299 GC heap after
{Heap after GC invocations=9 (full 0):
 garbage-first heap   total 84992K, used 22344K [0x0000000080c00000, 0x0000000100000000)
  region size 1024K, 5 young (5120K), 5 survivors (5120K)
 Metaspace       used 35589K, committed 35968K, reserved 1114112K
  class space    used 4493K, committed 4672K, reserved 1048576K
}
Event: 4.020 GC heap before
{Heap before GC invocations=10 (full 0):
 garbage-first heap   total 81920K, used 62280K [0x0000000080c00000, 0x0000000100000000)
  region size 1024K, 44 young (45056K), 5 survivors (5120K)
 Metaspace       used 47051K, committed 47488K, reserved 1114112K
  class space    used 6177K, committed 6400K, reserved 1048576K
}
Event: 4.029 GC heap after
{Heap after GC invocations=11 (full 0):
 garbage-first heap   total 81920K, used 24958K [0x0000000080c00000, 0x0000000100000000)
  region size 1024K, 6 young (6144K), 6 survivors (6144K)
 Metaspace       used 47051K, committed 47488K, reserved 1114112K
  class space    used 6177K, committed 6400K, reserved 1048576K
}
Event: 4.050 GC heap before
{Heap before GC invocations=11 (full 0):
 garbage-first heap   total 81920K, used 25982K [0x0000000080c00000, 0x0000000100000000)
  region size 1024K, 7 young (7168K), 6 survivors (6144K)
 Metaspace       used 47251K, committed 47680K, reserved 1114112K
  class space    used 6208K, committed 6400K, reserved 1048576K
}
Event: 4.056 GC heap after
{Heap after GC invocations=12 (full 0):
 garbage-first heap   total 81920K, used 25500K [0x0000000080c00000, 0x0000000100000000)
  region size 1024K, 1 young (1024K), 1 survivors (1024K)
 Metaspace       used 47251K, committed 47680K, reserved 1114112K
  class space    used 6208K, committed 6400K, reserved 1048576K
}
Event: 4.532 GC heap before
{Heap before GC invocations=12 (full 0):
 garbage-first heap   total 81920K, used 62364K [0x0000000080c00000, 0x0000000100000000)
  region size 1024K, 37 young (37888K), 1 survivors (1024K)
 Metaspace       used 52449K, committed 52864K, reserved 1114112K
  class space    used 6899K, committed 7104K, reserved 1048576K
}
Event: 4.536 GC heap after
{Heap after GC invocations=13 (full 0):
 garbage-first heap   total 81920K, used 26741K [0x0000000080c00000, 0x0000000100000000)
  region size 1024K, 3 young (3072K), 3 survivors (3072K)
 Metaspace       used 52449K, committed 52864K, reserved 1114112K
  class space    used 6899K, committed 7104K, reserved 1048576K
}
Event: 4.817 GC heap before
{Heap before GC invocations=13 (full 0):
 garbage-first heap   total 81920K, used 62581K [0x0000000080c00000, 0x0000000100000000)
  region size 1024K, 38 young (38912K), 3 survivors (3072K)
 Metaspace       used 55306K, committed 55744K, reserved 1114112K
  class space    used 7210K, committed 7424K, reserved 1048576K
}
Event: 4.823 GC heap after
{Heap after GC invocations=14 (full 0):
 garbage-first heap   total 81920K, used 28382K [0x0000000080c00000, 0x0000000100000000)
  region size 1024K, 4 young (4096K), 4 survivors (4096K)
 Metaspace       used 55306K, committed 55744K, reserved 1114112K
  class space    used 7210K, committed 7424K, reserved 1048576K
}
Event: 5.251 GC heap before
{Heap before GC invocations=14 (full 0):
 garbage-first heap   total 81920K, used 64222K [0x0000000080c00000, 0x0000000100000000)
  region size 1024K, 39 young (39936K), 4 survivors (4096K)
 Metaspace       used 57750K, committed 58240K, reserved 1114112K
  class space    used 7544K, committed 7744K, reserved 1048576K
}

